<?xml version="1.0" encoding="UTF-8" ?>
<testsuite tests="3" failures="0" name="com.bbva.ubi.dto.ubicator.test.DataOutUbiDTOTest" time="0.003" errors="0" skipped="0">
  <properties>
    <property name="java.runtime.name" value="Java(TM) SE Runtime Environment"/>
    <property name="sun.boot.library.path" value="C:\Users\formacion\Desktop\IDE_APX_win64\IDE_APX_win64\tools\jdk-1.8\jre\bin"/>
    <property name="java.vm.version" value="25.91-b15"/>
    <property name="java.vm.vendor" value="Oracle Corporation"/>
    <property name="maven.multiModuleProjectDirectory" value="C:\Users\formacion\Desktop\IDE_APX_win64\IDE_APX_win64\workspace\UF_ubicacion_UBIC"/>
    <property name="java.vendor.url" value="http://java.oracle.com/"/>
    <property name="path.separator" value=";"/>
    <property name="guice.disable.misplaced.annotation.check" value="true"/>
    <property name="java.vm.name" value="Java HotSpot(TM) 64-Bit Server VM"/>
    <property name="file.encoding.pkg" value="sun.io"/>
    <property name="user.script" value=""/>
    <property name="user.country" value="CO"/>
    <property name="sun.java.launcher" value="SUN_STANDARD"/>
    <property name="sun.os.patch.level" value=""/>
    <property name="java.vm.specification.name" value="Java Virtual Machine Specification"/>
    <property name="user.dir" value="C:\Users\formacion\Desktop\IDE_APX_win64\IDE_APX_win64\workspace\UF_ubicacion_UBIC"/>
    <property name="java.runtime.version" value="1.8.0_91-b15"/>
    <property name="java.awt.graphicsenv" value="sun.awt.Win32GraphicsEnvironment"/>
    <property name="java.endorsed.dirs" value="C:\Users\formacion\Desktop\IDE_APX_win64\IDE_APX_win64\tools\jdk-1.8\jre\lib\endorsed"/>
    <property name="os.arch" value="amd64"/>
    <property name="java.io.tmpdir" value="C:\Users\FORMAC~1\AppData\Local\Temp\"/>
    <property name="line.separator" value="
"/>
    <property name="java.vm.specification.vendor" value="Oracle Corporation"/>
    <property name="user.variant" value=""/>
    <property name="os.name" value="Windows 10"/>
    <property name="classworlds.conf" value="C:\Users\formacion\Desktop\IDE_APX_win64\IDE_APX_win64\workspace\.metadata\.plugins\org.eclipse.m2e.launching\launches\m2conf4503004411981207549.tmp"/>
    <property name="sun.jnu.encoding" value="Cp1252"/>
    <property name="java.library.path" value="C:\Users\formacion\Desktop\IDE_APX_win64\IDE_APX_win64\tools\jdk-1.8\bin;C:\Windows\Sun\Java\bin;C:\Windows\system32;C:\Windows;C:/Users/formacion/Desktop/IDE_APX_win64/IDE_APX_win64/tools/jdk-1.8/jre/bin/server;C:/Users/formacion/Desktop/IDE_APX_win64/IDE_APX_win64/tools/jdk-1.8/jre/bin;C:/Users/formacion/Desktop/IDE_APX_win64/IDE_APX_win64/tools/jdk-1.8/jre/lib/amd64;C:\Users\formacion\Desktop\IDE_APX_win64\IDE_APX_win64\tools\jdk-1.8\bin;C:\Users\formacion\Desktop\IDE_APX_win64\IDE_APX_win64\tools\apache-maven-3.3.9\bin;C:\Program Files (x86)\Common Files\Oracle\Java\javapath;C:\ProgramData\Oracle\Java\javapath;C:\Windows\system32;C:\Windows;C:\Windows\System32\Wbem;C:\Windows\System32\WindowsPowerShell\v1.0\;C:\Windows\System32\OpenSSH\;C:\Program Files\Microsoft SQL Server\Client SDK\ODBC\130\Tools\Binn\;C:\Program Files (x86)\Microsoft SQL Server\140\Tools\Binn\;C:\Program Files\Microsoft SQL Server\140\Tools\Binn\;C:\Program Files\Microsoft SQL Server\140\DTS\Binn\;C:\Program Files (x86)\Microsoft SQL Server\Client SDK\ODBC\130\Tools\Binn\;C:\Program Files (x86)\Microsoft SQL Server\140\DTS\Binn\;C:\Program Files (x86)\Microsoft SQL Server\140\Tools\Binn\ManagementStudio\;C:\Program Files\Microsoft SQL Server\130\Tools\Binn\;C:\Program Files\dotnet\;C:\Program Files\Git\cmd;C:\Users\formacion\AppData\Local\Microsoft\WindowsApps;;C:\Users\formacion\AppData\Local\Programs\Microsoft VS Code\bin;C:\Users\formacion\Desktop\IDE_APX_win64\IDE_APX_win64\eclipse;;."/>
    <property name="java.specification.name" value="Java Platform API Specification"/>
    <property name="java.class.version" value="52.0"/>
    <property name="sun.management.compiler" value="HotSpot 64-Bit Tiered Compilers"/>
    <property name="os.version" value="10.0"/>
    <property name="user.home" value="C:\Users\formacion"/>
    <property name="user.timezone" value="America/Bogota"/>
    <property name="java.awt.printerjob" value="sun.awt.windows.WPrinterJob"/>
    <property name="java.specification.version" value="1.8"/>
    <property name="file.encoding" value="Cp1252"/>
    <property name="user.name" value="formacion"/>
    <property name="java.class.path" value="C:\Users\formacion\Desktop\IDE_APX_win64\IDE_APX_win64\eclipse\..\tools\apache-maven-3.3.9\boot\plexus-classworlds-2.5.2.jar"/>
    <property name="java.vm.specification.version" value="1.8"/>
    <property name="sun.arch.data.model" value="64"/>
    <property name="java.home" value="C:\Users\formacion\Desktop\IDE_APX_win64\IDE_APX_win64\tools\jdk-1.8\jre"/>
    <property name="sun.java.command" value="org.codehaus.plexus.classworlds.launcher.Launcher -B -gs C:\Users\formacion\Desktop\IDE_APX_win64\IDE_APX_win64\tools\apache-maven-3.3.9\conf\settings.xml install"/>
    <property name="java.specification.vendor" value="Oracle Corporation"/>
    <property name="user.language" value="es"/>
    <property name="awt.toolkit" value="sun.awt.windows.WToolkit"/>
    <property name="java.vm.info" value="mixed mode"/>
    <property name="java.version" value="1.8.0_91"/>
    <property name="java.ext.dirs" value="C:\Users\formacion\Desktop\IDE_APX_win64\IDE_APX_win64\tools\jdk-1.8\jre\lib\ext;C:\Windows\Sun\Java\lib\ext"/>
    <property name="sun.boot.class.path" value="C:\Users\formacion\Desktop\IDE_APX_win64\IDE_APX_win64\tools\jdk-1.8\jre\lib\resources.jar;C:\Users\formacion\Desktop\IDE_APX_win64\IDE_APX_win64\tools\jdk-1.8\jre\lib\rt.jar;C:\Users\formacion\Desktop\IDE_APX_win64\IDE_APX_win64\tools\jdk-1.8\jre\lib\sunrsasign.jar;C:\Users\formacion\Desktop\IDE_APX_win64\IDE_APX_win64\tools\jdk-1.8\jre\lib\jsse.jar;C:\Users\formacion\Desktop\IDE_APX_win64\IDE_APX_win64\tools\jdk-1.8\jre\lib\jce.jar;C:\Users\formacion\Desktop\IDE_APX_win64\IDE_APX_win64\tools\jdk-1.8\jre\lib\charsets.jar;C:\Users\formacion\Desktop\IDE_APX_win64\IDE_APX_win64\tools\jdk-1.8\jre\lib\jfr.jar;C:\Users\formacion\Desktop\IDE_APX_win64\IDE_APX_win64\tools\jdk-1.8\jre\classes"/>
    <property name="java.vendor" value="Oracle Corporation"/>
    <property name="maven.home" value="C:\Users\formacion\Desktop\IDE_APX_win64\IDE_APX_win64\workspace\UF_ubicacion_UBIC\..\tools\apache-maven-3.3.9"/>
    <property name="file.separator" value="\"/>
    <property name="java.vendor.url.bug" value="http://bugreport.sun.com/bugreport/"/>
    <property name="sun.cpu.endian" value="little"/>
    <property name="sun.io.unicode.encoding" value="UnicodeLittle"/>
    <property name="sun.desktop" value="windows"/>
    <property name="sun.cpu.isalist" value="amd64"/>
  </properties>
  <testcase classname="com.bbva.ubi.dto.ubicator.test.DataOutUbiDTOTest" name="testToString" time="0.003"/>
  <testcase classname="com.bbva.ubi.dto.ubicator.test.DataOutUbiDTOTest" name="testHashCode" time="0"/>
  <testcase classname="com.bbva.ubi.dto.ubicator.test.DataOutUbiDTOTest" name="testEquals" time="0"/>
</testsuite>